[debug] [2022-09-18T11:34:46.464Z] ----------------------------------------------------------------------
[debug] [2022-09-18T11:34:46.467Z] Command:       C:\Program Files\nodejs\node.exe C:\Users\Rowtech\AppData\Roaming\npm\node_modules\firebase-tools\lib\bin\firebase.js init
[debug] [2022-09-18T11:34:46.467Z] CLI Version:   11.0.1
[debug] [2022-09-18T11:34:46.467Z] Platform:      win32
[debug] [2022-09-18T11:34:46.468Z] Node Version:  v16.15.0
[debug] [2022-09-18T11:34:46.469Z] Time:          Sun Sep 18 2022 04:34:46 GMT-0700 (Pacific Daylight Time)
[debug] [2022-09-18T11:34:46.469Z] ----------------------------------------------------------------------
[debug] 
[debug] [2022-09-18T11:34:46.560Z] > command requires scopes: ["email","openid","https://www.googleapis.com/auth/cloudplatformprojects.readonly","https://www.googleapis.com/auth/firebase","https://www.googleapis.com/auth/cloud-platform"]
[debug] [2022-09-18T11:34:46.561Z] > authorizing via signed-in user (daloar2400@gmail.com)
[info] 
     ######## #### ########  ######## ########     ###     ######  ########
     ##        ##  ##     ## ##       ##     ##  ##   ##  ##       ##
     ######    ##  ########  ######   ########  #########  ######  ######
     ##        ##  ##    ##  ##       ##     ## ##     ##       ## ##
     ##       #### ##     ## ######## ########  ##     ##  ######  ########

You're about to initialize a Firebase project in this directory:

  E:\React with node\Arouth\Arouth-client-side

Before we get started, keep in mind:

  * You are initializing within an existing Firebase project directory

[info] 
=== Account Setup
[info] 
[info] Which account do you want to use for this project? Choose an account or add a new one now
[info] 
[debug] [2022-09-18T11:35:00.882Z] setProjectAccount(E:\React with node\Arouth\Arouth-client-side, daloar2400@gmail.com)
[info] 
[info] +  Using account: daloar2400@gmail.com 
[info] 
=== Project Setup
[info] 
[info] First, let's associate this project directory with a Firebase project.
[info] You can create multiple project aliases by running firebase use --add, 
[info] but for now we'll just set up a default project.
[info] 
[debug] [2022-09-18T11:35:00.898Z] Using project from CLI flag: aruth-48ae9
[debug] [2022-09-18T11:35:00.901Z] >>> [apiv2][query] GET https://firebase.googleapis.com/v1beta1/projects/aruth-48ae9 [none]
[debug] [2022-09-18T11:35:01.883Z] <<< [apiv2][status] GET https://firebase.googleapis.com/v1beta1/projects/aruth-48ae9 200
[debug] [2022-09-18T11:35:01.884Z] <<< [apiv2][body] GET https://firebase.googleapis.com/v1beta1/projects/aruth-48ae9 {"projectId":"aruth-48ae9","projectNumber":"808878933772","displayName":"Aruth","name":"projects/aruth-48ae9","resources":{"hostingSite":"aruth-48ae9"},"state":"ACTIVE","etag":"1_cd0f5c31-05db-41a7-9b0f-8326d55c7267"}
[info] i  Using project aruth-48ae9 (Aruth) 
[info] 
=== Hosting Setup
[info] 
[info] Your public directory is the folder (relative to your project directory) that
[info] will contain Hosting assets to be uploaded with firebase deploy. If you
[info] have a build process for your assets, use your build's output directory.
[info] 
